<?xml version="1.0" encoding="UTF-8"?>
<!-- Generated by org.testng.reporters.JUnitReportReporter -->
<testsuite skipped="0" hostname="MacBook-Pro-Irina.local" name="com.zurmo.runners.CukesRunner" tests="1" failures="0" timestamp="09 Apr 2018 23:59:24 GMT" time="33.495" errors="0">
  <testcase name="runScenario" time="33.495" classname="com.zurmo.runners.CukesRunner"/>
</testsuite> <!-- com.zurmo.runners.CukesRunner -->
