<?xml version="1.0" encoding="UTF-8"?>
<!-- Generated by org.testng.reporters.JUnitReportReporter -->
<testsuite skipped="0" hostname="MacBook-Pro-Irina.local" name="com.zurmo.runners.SmokeRunner$CukesRunner" tests="5" failures="0" timestamp="11 Apr 2018 23:15:15 GMT" time="71.717" errors="0">
  <testcase name="runScenario" time="23.616" classname="com.zurmo.runners.SmokeRunner$CukesRunner"/>
  <testcase name="runScenario" time="10.870" classname="com.zurmo.runners.SmokeRunner$CukesRunner"/>
  <testcase name="runScenario" time="10.802" classname="com.zurmo.runners.SmokeRunner$CukesRunner"/>
  <testcase name="runScenario" time="10.868" classname="com.zurmo.runners.SmokeRunner$CukesRunner"/>
  <testcase name="runScenario" time="15.561" classname="com.zurmo.runners.SmokeRunner$CukesRunner"/>
</testsuite> <!-- com.zurmo.runners.SmokeRunner$CukesRunner -->
