<?xml version="1.0" encoding="UTF-8"?>
<!-- Generated by org.testng.reporters.JUnitReportReporter -->
<testsuite skipped="0" hostname="MacBook-Pro-Irina.local" name="com.zurmo.runners.CukesRunner" tests="1" failures="0" timestamp="13 Apr 2018 00:02:59 GMT" time="45.651" errors="0">
  <testcase name="runScenario" time="45.651" classname="com.zurmo.runners.CukesRunner"/>
</testsuite> <!-- com.zurmo.runners.CukesRunner -->
