<?xml version="1.0" encoding="UTF-8"?>
<!-- Generated by org.testng.reporters.JUnitReportReporter -->
<testsuite skipped="0" hostname="Azizbeks-MacBook-Pro.local" name="com.zurmo.runners.CukesRunner" tests="1" failures="0" timestamp="16 Apr 2018 20:53:51 GMT" time="24.644" errors="0">
  <testcase name="runScenario" time="24.644" classname="com.zurmo.runners.CukesRunner"/>
</testsuite> <!-- com.zurmo.runners.CukesRunner -->
