<?xml version="1.0" encoding="UTF-8"?>
<!-- Generated by org.testng.reporters.JUnitReportReporter -->
<testsuite skipped="0" hostname="MacBook-Pro-Irina.local" name="com.zurmo.runners.SmokeRunner$CukesRunner" tests="5" failures="0" timestamp="10 Apr 2018 00:37:49 GMT" time="63.792" errors="0">
  <testcase name="runScenario" time="10.293" classname="com.zurmo.runners.SmokeRunner$CukesRunner"/>
  <testcase name="runScenario" time="9.688" classname="com.zurmo.runners.SmokeRunner$CukesRunner"/>
  <testcase name="runScenario" time="15.147" classname="com.zurmo.runners.SmokeRunner$CukesRunner"/>
  <testcase name="runScenario" time="14.688" classname="com.zurmo.runners.SmokeRunner$CukesRunner"/>
  <testcase name="runScenario" time="13.976" classname="com.zurmo.runners.SmokeRunner$CukesRunner"/>
</testsuite> <!-- com.zurmo.runners.SmokeRunner$CukesRunner -->
