<?xml version="1.0" encoding="UTF-8"?>
<!-- Generated by org.testng.reporters.JUnitReportReporter -->
<testsuite skipped="0" hostname="MacBook-Pro-Irina.local" name="com.zurmo.runners.CukesRunner" tests="2" failures="0" timestamp="08 Apr 2018 22:34:58 GMT" time="30.178" errors="0">
  <testcase name="runScenario" time="17.798" classname="com.zurmo.runners.CukesRunner"/>
  <testcase name="runScenario" time="12.380" classname="com.zurmo.runners.CukesRunner"/>
</testsuite> <!-- com.zurmo.runners.CukesRunner -->
